d:\githubrep\top-down-game\top-down game\top-down game\debug\vc142.pdb
d:\githubrep\top-down-game\top-down game\top-down game\debug\vc142.idb
d:\githubrep\top-down-game\top-down game\top-down game\debug\utility.obj
d:\githubrep\top-down-game\top-down game\top-down game\debug\origine.obj
d:\githubrep\top-down-game\top-down game\top-down game\debug\lightmeshcomponent.obj
d:\githubrep\top-down-game\top-down game\top-down game\debug\lightengine.obj
d:\githubrep\top-down-game\top-down game\top-down game\debug\generictypelist.obj
d:\githubrep\top-down-game\top-down game\top-down game\debug\entity.obj
d:\githubrep\top-down-game\top-down game\top-down game\debug\componentsystem.obj
d:\githubrep\top-down-game\top-down game\debug\top-down game.ilk
d:\githubrep\top-down-game\top-down game\debug\top-down game.exe
d:\githubrep\top-down-game\top-down game\debug\top-down game.pdb
d:\githubrep\top-down-game\top-down game\top-down game\debug\vcpkg.applocal.log
d:\githubrep\top-down-game\top-down game\top-down game\debug\top-down game.tlog\cl.command.1.tlog
d:\githubrep\top-down-game\top-down game\top-down game\debug\top-down game.tlog\cl.read.1.tlog
d:\githubrep\top-down-game\top-down game\top-down game\debug\top-down game.tlog\cl.write.1.tlog
d:\githubrep\top-down-game\top-down game\top-down game\debug\top-down game.tlog\link.command.1.tlog
d:\githubrep\top-down-game\top-down game\top-down game\debug\top-down game.tlog\link.read.1.tlog
d:\githubrep\top-down-game\top-down game\top-down game\debug\top-down game.tlog\link.write.1.tlog
d:\githubrep\top-down-game\top-down game\top-down game\debug\top-down game.tlog\top-down game.write.1u.tlog
