  ComponentSystem.cpp
D:\GitHubRep\Top-Down-Game\Top-Down Game\Top-Down Game\ComponentSystem.cpp(12): warning C4018: '<': errata corrispondenza tra signed e unsigned
  Entity.cpp
  EntityEngine.cpp
  GenericTypeList.cpp
  LightEngine.cpp
D:\GitHubRep\Top-Down-Game\Top-Down Game\Top-Down Game\LightEngine.cpp(12): warning C4018: '<': errata corrispondenza tra signed e unsigned
D:\GitHubRep\Top-Down-Game\Top-Down Game\Top-Down Game\LightEngine.cpp(19): warning C4018: '<': errata corrispondenza tra signed e unsigned
D:\GitHubRep\Top-Down-Game\Top-Down Game\Top-Down Game\LightEngine.cpp(30): warning C4018: '<': errata corrispondenza tra signed e unsigned
D:\GitHubRep\Top-Down-Game\Top-Down Game\Top-Down Game\LightEngine.cpp(40): warning C4018: '<': errata corrispondenza tra signed e unsigned
D:\GitHubRep\Top-Down-Game\Top-Down Game\Top-Down Game\LightEngine.cpp(73): warning C4244: 'argomento': conversione da 'float' a 'unsigned int'. Possibile perdita di dati.
D:\GitHubRep\Top-Down-Game\Top-Down Game\Top-Down Game\LightEngine.cpp(87): warning C4244: 'argomento': conversione da 'float' a 'unsigned int'. Possibile perdita di dati.
D:\GitHubRep\Top-Down-Game\Top-Down Game\Top-Down Game\LightEngine.cpp(104): warning C4244: 'argomento': conversione da 'float' a 'unsigned int'. Possibile perdita di dati.
D:\GitHubRep\Top-Down-Game\Top-Down Game\Top-Down Game\LightEngine.cpp(140): warning C4018: '<': errata corrispondenza tra signed e unsigned
D:\GitHubRep\Top-Down-Game\Top-Down Game\Top-Down Game\LightEngine.cpp(219): warning C4018: '<': errata corrispondenza tra signed e unsigned
D:\GitHubRep\Top-Down-Game\Top-Down Game\Top-Down Game\LightEngine.cpp(226): warning C4018: '<': errata corrispondenza tra signed e unsigned
D:\GitHubRep\Top-Down-Game\Top-Down Game\Top-Down Game\LightEngine.cpp(239): warning C4018: '<': errata corrispondenza tra signed e unsigned
D:\GitHubRep\Top-Down-Game\Top-Down Game\Top-Down Game\LightEngine.cpp(250): warning C4018: '<': errata corrispondenza tra signed e unsigned
D:\GitHubRep\Top-Down-Game\Top-Down Game\Top-Down Game\LightEngine.cpp(268): warning C4018: '<': errata corrispondenza tra signed e unsigned
D:\GitHubRep\Top-Down-Game\Top-Down Game\Top-Down Game\LightEngine.cpp(279): warning C4018: '<': errata corrispondenza tra signed e unsigned
  LightMeshComponent.cpp
D:\GitHubRep\Top-Down-Game\Top-Down Game\Top-Down Game\LightMeshComponent.cpp(21): warning C4018: '<': errata corrispondenza tra signed e unsigned
D:\GitHubRep\Top-Down-Game\Top-Down Game\Top-Down Game\LightMeshComponent.cpp(19): warning C4297: 'LightMeshComponent::~LightMeshComponent': la funzione genera un'eccezione benché ciò non fosse previsto
  D:\GitHubRep\Top-Down-Game\Top-Down Game\Top-Down Game\LightMeshComponent.cpp(19): note: il distruttore o il deallocatore contiene una specifica di eccezione non generata (possibilmente implicita)
  Origine.cpp
D:\GitHubRep\Top-Down-Game\Top-Down Game\Top-Down Game\GenericTypeList.h(41): warning C4018: '<': errata corrispondenza tra signed e unsigned
  D:\GitHubRep\Top-Down-Game\Top-Down Game\Top-Down Game\GenericTypeList.h(40): note: durante la compilazione della funzione membro '<Sconosciuto>' di modello <Sconosciuto>
  D:\GitHubRep\Top-Down-Game\Top-Down Game\Top-Down Game\Origine.cpp(49): note: vedere il riferimento all'istanza '<Sconosciuto>' della funzione <Sconosciuto> di cui è in corso la compilazione
  D:\GitHubRep\Top-Down-Game\Top-Down Game\Top-Down Game\Origine.cpp(49): note: vedere il riferimento all'istanza '<Sconosciuto>' di modello <Sconosciuto> di cui è in corso la compilazione
D:\GitHubRep\Top-Down-Game\Top-Down Game\Top-Down Game\ComponentSystem.h(32): warning C4018: '<': errata corrispondenza tra signed e unsigned
  D:\GitHubRep\Top-Down-Game\Top-Down Game\Top-Down Game\Origine.cpp(64): note: vedere il riferimento all'istanza '<Sconosciuto>' della funzione <Sconosciuto> di cui è in corso la compilazione
  Utility.cpp
D:\GitHubRep\Top-Down-Game\Top-Down Game\Top-Down Game\Utility.cpp(13): warning C4244: '=': conversione da 'double' a 'float'. Possibile perdita di dati.
D:\GitHubRep\Top-Down-Game\Top-Down Game\Top-Down Game\Utility.cpp(15): warning C4305: '+=': troncamento da 'double' a 'float'
D:\GitHubRep\Top-Down-Game\Top-Down Game\Top-Down Game\Utility.cpp(16): warning C4244: 'return': conversione da 'double' a 'float'. Possibile perdita di dati.
  Generazione codice in corso...
  Previous IPDB not found, fall back to full compilation.
  All 343 functions were compiled because no usable IPDB/IOBJ from previous compilation was found.
  Generazione codice terminata
  Top-Down Game.vcxproj -> D:\GitHubRep\Top-Down-Game\Top-Down Game\Release\Top-Down Game.exe
